<?xml version="1.0" encoding="UTF-8"?>
<!-- Generated by org.testng.reporters.JUnitXMLReporter -->
<testsuite ignored="0" hostname="LAPTOP-OKJ1VVIP" failures="0" tests="2" name="Test" time="0.067" errors="0" timestamp="2024-08-13T18:28:32 IST">
  <testcase classname="Testcases.Login" name="@BeforeMethod setup1" time="0.008">
    <failure type="java.lang.NullPointerException" message="Cannot invoke &amp;quot;String.equals(Object)&amp;quot; because &amp;quot;browsername&amp;quot; is null">
      <![CDATA[java.lang.NullPointerException: Cannot invoke "String.equals(Object)" because "browsername" is null
at baseclassmain.baseclass.initialization(baseclass.java:43)
at Testcases.Login.setup1(Login.java:23)
at java.base/java.util.ArrayList.forEach(ArrayList.java:1596)
... Removed 29 stack frames]]>
    </failure>
  </testcase> <!-- @BeforeMethod setup1 -->
  <testcase classname="Testcases.Login" name="@BeforeMethod setup1" time="0.0">
    <skipped/>
  </testcase> <!-- @BeforeMethod setup1 -->
  <testcase classname="Testcases.Login" name="login" time="0.0">
    <skipped/>
  </testcase> <!-- login -->
  <testcase classname="Testcases.Login" name="loginpage" time="0.0">
    <skipped/>
  </testcase> <!-- loginpage -->
</testsuite> <!-- Test -->
